TN:
SF:app.js
FN:16,(anonymous_0)
FN:20,(anonymous_1)
FNF:2
FNH:2
FNDA:1,(anonymous_0)
FNDA:1,(anonymous_1)
DA:2,2
DA:4,2
DA:5,2
DA:6,2
DA:7,2
DA:9,2
DA:11,2
DA:12,2
DA:14,2
DA:16,2
DA:17,1
DA:20,2
DA:21,1
DA:26,2
LF:14
LH:14
BRF:0
BRH:0
end_of_record
TN:
SF:config\db.js
FN:3,(anonymous_0)
FNF:1
FNH:0
FNDA:0,(anonymous_0)
DA:1,2
DA:3,2
DA:4,0
DA:6,0
DA:10,0
DA:12,0
DA:14,0
DA:15,0
DA:19,2
LF:9
LH:3
BRDA:6,0,0,0
BRDA:6,0,1,0
BRF:2
BRH:0
end_of_record
TN:
SF:models\User.js
FNF:0
FNH:0
DA:1,2
DA:3,2
DA:15,2
LF:3
LH:3
BRF:0
BRH:0
end_of_record
TN:
SF:routes\auth.js
FN:9,(anonymous_0)
FN:35,(anonymous_1)
FNF:2
FNH:2
FNDA:6,(anonymous_0)
FNDA:3,(anonymous_1)
DA:1,2
DA:2,2
DA:4,2
DA:5,2
DA:6,2
DA:9,2
DA:10,6
DA:11,6
DA:12,6
DA:13,6
DA:14,6
DA:15,1
DA:18,5
DA:20,5
DA:25,5
DA:27,5
DA:30,0
DA:35,2
DA:36,3
DA:37,3
DA:39,3
DA:40,3
DA:41,1
DA:44,2
DA:45,2
DA:46,1
DA:49,1
DA:55,1
DA:61,0
DA:62,0
DA:66,2
LF:31
LH:28
BRDA:14,0,0,1
BRDA:14,0,1,5
BRDA:40,1,0,1
BRDA:40,1,1,2
BRDA:45,2,0,1
BRDA:45,2,1,1
BRF:6
BRH:6
end_of_record
